1667677556: mosquitto version 2.0.15 starting
1667677556: Config loaded from /mosquitto/config/mosquitto.conf.
1667677556: Error: Unable to open pwfile "/mosquitto/conf/mosquitto.passwd".
1667677556: Error opening password file "/mosquitto/conf/mosquitto.passwd".
1667677595: mosquitto version 2.0.15 starting
1667677595: Config loaded from /mosquitto/config/mosquitto.conf.
1667677595: Error: Unable to open pwfile "/mosquitto/conf/mosquitto.passwd".
1667677595: Error opening password file "/mosquitto/conf/mosquitto.passwd".
1667677626: mosquitto version 2.0.15 starting
1667677626: Config loaded from /mosquitto/config/mosquitto.conf.
1667677626: Error: Unable to open pwfile "/mosquitto/conf/mosquitto.passwd".
1667677626: Error opening password file "/mosquitto/conf/mosquitto.passwd".
1667677627: mosquitto version 2.0.15 starting
1667677627: Config loaded from /mosquitto/config/mosquitto.conf.
1667677627: Error: Unable to open pwfile "/mosquitto/conf/mosquitto.passwd".
1667677627: Error opening password file "/mosquitto/conf/mosquitto.passwd".
1667677628: mosquitto version 2.0.15 starting
1667677628: Config loaded from /mosquitto/config/mosquitto.conf.
1667677628: Error: Unable to open pwfile "/mosquitto/conf/mosquitto.passwd".
1667677628: Error opening password file "/mosquitto/conf/mosquitto.passwd".
1667677629: mosquitto version 2.0.15 starting
1667677629: Config loaded from /mosquitto/config/mosquitto.conf.
1667677629: Error: Unable to open pwfile "/mosquitto/conf/mosquitto.passwd".
1667677629: Error opening password file "/mosquitto/conf/mosquitto.passwd".
1667677630: mosquitto version 2.0.15 starting
1667677630: Config loaded from /mosquitto/config/mosquitto.conf.
1667677630: Error: Unable to open pwfile "/mosquitto/conf/mosquitto.passwd".
1667677630: Error opening password file "/mosquitto/conf/mosquitto.passwd".
1667677632: mosquitto version 2.0.15 starting
1667677632: Config loaded from /mosquitto/config/mosquitto.conf.
1667677632: Error: Unable to open pwfile "/mosquitto/conf/mosquitto.passwd".
1667677632: Error opening password file "/mosquitto/conf/mosquitto.passwd".
1667677636: mosquitto version 2.0.15 starting
1667677636: Config loaded from /mosquitto/config/mosquitto.conf.
1667677636: Error: Unable to open pwfile "/mosquitto/conf/mosquitto.passwd".
1667677636: Error opening password file "/mosquitto/conf/mosquitto.passwd".
1667677643: mosquitto version 2.0.15 starting
1667677643: Config loaded from /mosquitto/config/mosquitto.conf.
1667677643: Error: Unable to open pwfile "/mosquitto/conf/mosquitto.passwd".
1667677643: Error opening password file "/mosquitto/conf/mosquitto.passwd".
1667677653: mosquitto version 2.0.15 starting
1667677653: Config loaded from /mosquitto/config/mosquitto.conf.
1667677653: Error: Unable to open pwfile "/mosquitto/conf/mosquitto.passwd".
1667677653: Error opening password file "/mosquitto/conf/mosquitto.passwd".
1667677654: mosquitto version 2.0.15 starting
1667677654: Config loaded from /mosquitto/config/mosquitto.conf.
1667677654: Error: Unable to open pwfile "/mosquitto/conf/mosquitto.passwd".
1667677654: Error opening password file "/mosquitto/conf/mosquitto.passwd".
1667677655: mosquitto version 2.0.15 starting
1667677655: Config loaded from /mosquitto/config/mosquitto.conf.
1667677655: Error: Unable to open pwfile "/mosquitto/conf/mosquitto.passwd".
1667677655: Error opening password file "/mosquitto/conf/mosquitto.passwd".
1667677656: mosquitto version 2.0.15 starting
1667677656: Config loaded from /mosquitto/config/mosquitto.conf.
1667677656: Error: Unable to open pwfile "/mosquitto/conf/mosquitto.passwd".
1667677656: Error opening password file "/mosquitto/conf/mosquitto.passwd".
1667677657: mosquitto version 2.0.15 starting
1667677657: Config loaded from /mosquitto/config/mosquitto.conf.
1667677657: Error: Unable to open pwfile "/mosquitto/conf/mosquitto.passwd".
1667677657: Error opening password file "/mosquitto/conf/mosquitto.passwd".
1667677659: mosquitto version 2.0.15 starting
1667677659: Config loaded from /mosquitto/config/mosquitto.conf.
1667677659: Error: Unable to open pwfile "/mosquitto/conf/mosquitto.passwd".
1667677659: Error opening password file "/mosquitto/conf/mosquitto.passwd".
1667677663: mosquitto version 2.0.15 starting
1667677663: Config loaded from /mosquitto/config/mosquitto.conf.
1667677663: Error: Unable to open pwfile "/mosquitto/conf/mosquitto.passwd".
1667677663: Error opening password file "/mosquitto/conf/mosquitto.passwd".
1667677670: mosquitto version 2.0.15 starting
1667677670: Config loaded from /mosquitto/config/mosquitto.conf.
1667677670: Error: Unable to open pwfile "/mosquitto/conf/mosquitto.passwd".
1667677670: Error opening password file "/mosquitto/conf/mosquitto.passwd".
1667677683: mosquitto version 2.0.15 starting
1667677683: Config loaded from /mosquitto/config/mosquitto.conf.
1667677683: Error: Unable to open pwfile "/mosquitto/conf/mosquitto.passwd".
1667677683: Error opening password file "/mosquitto/conf/mosquitto.passwd".
1667677709: mosquitto version 2.0.15 starting
1667677709: Config loaded from /mosquitto/config/mosquitto.conf.
1667677709: Error: Unable to open pwfile "/mosquitto/conf/mosquitto.passwd".
1667677709: Error opening password file "/mosquitto/conf/mosquitto.passwd".
1667677761: mosquitto version 2.0.15 starting
1667677761: Config loaded from /mosquitto/config/mosquitto.conf.
1667677761: Error: Unable to open pwfile "/mosquitto/conf/mosquitto.passwd".
1667677761: Error opening password file "/mosquitto/conf/mosquitto.passwd".
1667677805: mosquitto version 2.0.15 starting
1667677805: Config loaded from /mosquitto/config/mosquitto.conf.
1667677805: Error: Unable to open pwfile "/mosquitto/conf/mosquitto.passwd".
1667677805: Error opening password file "/mosquitto/conf/mosquitto.passwd".
1667677806: mosquitto version 2.0.15 starting
1667677806: Config loaded from /mosquitto/config/mosquitto.conf.
1667677806: Error: Unable to open pwfile "/mosquitto/conf/mosquitto.passwd".
1667677806: Error opening password file "/mosquitto/conf/mosquitto.passwd".
1667677807: mosquitto version 2.0.15 starting
1667677807: Config loaded from /mosquitto/config/mosquitto.conf.
1667677807: Error: Unable to open pwfile "/mosquitto/conf/mosquitto.passwd".
1667677807: Error opening password file "/mosquitto/conf/mosquitto.passwd".
1667677808: mosquitto version 2.0.15 starting
1667677808: Config loaded from /mosquitto/config/mosquitto.conf.
1667677808: Error: Unable to open pwfile "/mosquitto/conf/mosquitto.passwd".
1667677808: Error opening password file "/mosquitto/conf/mosquitto.passwd".
1667677809: mosquitto version 2.0.15 starting
1667677809: Config loaded from /mosquitto/config/mosquitto.conf.
1667677809: Error: Unable to open pwfile "/mosquitto/conf/mosquitto.passwd".
1667677809: Error opening password file "/mosquitto/conf/mosquitto.passwd".
1667677811: mosquitto version 2.0.15 starting
1667677811: Config loaded from /mosquitto/config/mosquitto.conf.
1667677811: Error: Unable to open pwfile "/mosquitto/conf/mosquitto.passwd".
1667677811: Error opening password file "/mosquitto/conf/mosquitto.passwd".
1667677815: mosquitto version 2.0.15 starting
1667677815: Config loaded from /mosquitto/config/mosquitto.conf.
1667677815: Error: Unable to open pwfile "/mosquitto/conf/mosquitto.passwd".
1667677815: Error opening password file "/mosquitto/conf/mosquitto.passwd".
1667677822: mosquitto version 2.0.15 starting
1667677822: Config loaded from /mosquitto/config/mosquitto.conf.
1667677822: Error: Unable to open pwfile "/mosquitto/conf/mosquitto.passwd".
1667677822: Error opening password file "/mosquitto/conf/mosquitto.passwd".
1667677823: mosquitto version 2.0.15 starting
1667677823: Config loaded from /mosquitto/config/mosquitto.conf.
1667677823: Error: Unable to open pwfile "/mosquitto/conf/mosquitto.passwd".
1667677823: Error opening password file "/mosquitto/conf/mosquitto.passwd".
1667677824: mosquitto version 2.0.15 starting
1667677824: Config loaded from /mosquitto/config/mosquitto.conf.
1667677824: Error: Unable to open pwfile "/mosquitto/conf/mosquitto.passwd".
1667677824: Error opening password file "/mosquitto/conf/mosquitto.passwd".
1667677825: mosquitto version 2.0.15 starting
1667677825: Config loaded from /mosquitto/config/mosquitto.conf.
1667677825: Error: Unable to open pwfile "/mosquitto/conf/mosquitto.passwd".
1667677825: Error opening password file "/mosquitto/conf/mosquitto.passwd".
1667677826: mosquitto version 2.0.15 starting
1667677826: Config loaded from /mosquitto/config/mosquitto.conf.
1667677826: Error: Unable to open pwfile "/mosquitto/conf/mosquitto.passwd".
1667677826: Error opening password file "/mosquitto/conf/mosquitto.passwd".
1667677828: mosquitto version 2.0.15 starting
1667677828: Config loaded from /mosquitto/config/mosquitto.conf.
1667677828: Error: Unable to open pwfile "/mosquitto/conf/mosquitto.passwd".
1667677828: Error opening password file "/mosquitto/conf/mosquitto.passwd".
1667677832: mosquitto version 2.0.15 starting
1667677832: Config loaded from /mosquitto/config/mosquitto.conf.
1667677832: Error: Unable to open pwfile "/mosquitto/conf/mosquitto.passwd".
1667677832: Error opening password file "/mosquitto/conf/mosquitto.passwd".
1667677839: mosquitto version 2.0.15 starting
1667677839: Config loaded from /mosquitto/config/mosquitto.conf.
1667677839: Error: Unable to open pwfile "/mosquitto/conf/mosquitto.passwd".
1667677839: Error opening password file "/mosquitto/conf/mosquitto.passwd".
1667677852: mosquitto version 2.0.15 starting
1667677852: Config loaded from /mosquitto/config/mosquitto.conf.
1667677852: Error: Unable to open pwfile "/mosquitto/conf/mosquitto.passwd".
1667677852: Error opening password file "/mosquitto/conf/mosquitto.passwd".
1667677861: mosquitto version 2.0.15 starting
1667677861: Config loaded from /mosquitto/config/mosquitto.conf.
1667677861: Error: Unable to open pwfile "/mosquitto/conf/mosquitto.passwd".
1667677861: Error opening password file "/mosquitto/conf/mosquitto.passwd".
1667677862: mosquitto version 2.0.15 starting
1667677862: Config loaded from /mosquitto/config/mosquitto.conf.
1667677862: Error: Unable to open pwfile "/mosquitto/conf/mosquitto.passwd".
1667677862: Error opening password file "/mosquitto/conf/mosquitto.passwd".
1667677863: mosquitto version 2.0.15 starting
1667677863: Config loaded from /mosquitto/config/mosquitto.conf.
1667677863: Error: Unable to open pwfile "/mosquitto/conf/mosquitto.passwd".
1667677863: Error opening password file "/mosquitto/conf/mosquitto.passwd".
1667677864: mosquitto version 2.0.15 starting
1667677864: Config loaded from /mosquitto/config/mosquitto.conf.
1667677864: Error: Unable to open pwfile "/mosquitto/conf/mosquitto.passwd".
1667677864: Error opening password file "/mosquitto/conf/mosquitto.passwd".
1667677865: mosquitto version 2.0.15 starting
1667677865: Config loaded from /mosquitto/config/mosquitto.conf.
1667677865: Error: Unable to open pwfile "/mosquitto/conf/mosquitto.passwd".
1667677865: Error opening password file "/mosquitto/conf/mosquitto.passwd".
1667677867: mosquitto version 2.0.15 starting
1667677867: Config loaded from /mosquitto/config/mosquitto.conf.
1667677867: Error: Unable to open pwfile "/mosquitto/conf/mosquitto.passwd".
1667677867: Error opening password file "/mosquitto/conf/mosquitto.passwd".
1667677871: mosquitto version 2.0.15 starting
1667677871: Config loaded from /mosquitto/config/mosquitto.conf.
1667677871: Error: Unable to open pwfile "/mosquitto/conf/mosquitto.passwd".
1667677871: Error opening password file "/mosquitto/conf/mosquitto.passwd".
1667677878: mosquitto version 2.0.15 starting
1667677878: Config loaded from /mosquitto/config/mosquitto.conf.
1667677878: Error: Unable to open pwfile "/mosquitto/conf/mosquitto.passwd".
1667677878: Error opening password file "/mosquitto/conf/mosquitto.passwd".
1667677891: mosquitto version 2.0.15 starting
1667677891: Config loaded from /mosquitto/config/mosquitto.conf.
1667677891: Error: Unable to open pwfile "/mosquitto/conf/mosquitto.passwd".
1667677891: Error opening password file "/mosquitto/conf/mosquitto.passwd".
1667677919: mosquitto version 2.0.15 starting
1667677919: Config loaded from /mosquitto/config/mosquitto.conf.
1667677919: Error: Unable to open pwfile "/mosquitto/conf/mosquitto.passwd".
1667677919: Error opening password file "/mosquitto/conf/mosquitto.passwd".
1667677920: mosquitto version 2.0.15 starting
1667677920: Config loaded from /mosquitto/config/mosquitto.conf.
1667677920: Error: Unable to open pwfile "/mosquitto/conf/mosquitto.passwd".
1667677920: Error opening password file "/mosquitto/conf/mosquitto.passwd".
1667677921: mosquitto version 2.0.15 starting
1667677921: Config loaded from /mosquitto/config/mosquitto.conf.
1667677921: Error: Unable to open pwfile "/mosquitto/conf/mosquitto.passwd".
1667677921: Error opening password file "/mosquitto/conf/mosquitto.passwd".
1667677922: mosquitto version 2.0.15 starting
1667677922: Config loaded from /mosquitto/config/mosquitto.conf.
1667677922: Error: Unable to open pwfile "/mosquitto/conf/mosquitto.passwd".
1667677922: Error opening password file "/mosquitto/conf/mosquitto.passwd".
1667677923: mosquitto version 2.0.15 starting
1667677923: Config loaded from /mosquitto/config/mosquitto.conf.
1667677923: Error: Unable to open pwfile "/mosquitto/conf/mosquitto.passwd".
1667677923: Error opening password file "/mosquitto/conf/mosquitto.passwd".
1667677925: mosquitto version 2.0.15 starting
1667677925: Config loaded from /mosquitto/config/mosquitto.conf.
1667677925: Error: Unable to open pwfile "/mosquitto/conf/mosquitto.passwd".
1667677925: Error opening password file "/mosquitto/conf/mosquitto.passwd".
1667677929: mosquitto version 2.0.15 starting
1667677929: Config loaded from /mosquitto/config/mosquitto.conf.
1667677929: Error: Unable to open pwfile "/mosquitto/conf/mosquitto.passwd".
1667677929: Error opening password file "/mosquitto/conf/mosquitto.passwd".
1667677936: mosquitto version 2.0.15 starting
1667677936: Config loaded from /mosquitto/config/mosquitto.conf.
1667677936: Error: Unable to open pwfile "/mosquitto/conf/mosquitto.passwd".
1667677936: Error opening password file "/mosquitto/conf/mosquitto.passwd".
1667677944: mosquitto version 2.0.15 starting
1667677944: Config loaded from /mosquitto/config/mosquitto.conf.
1667677944: Error: Unable to open pwfile "/mosquitto/conf/mosquitto.passwd".
1667677944: Error opening password file "/mosquitto/conf/mosquitto.passwd".
1667677944: mosquitto version 2.0.15 starting
1667677944: Config loaded from /mosquitto/config/mosquitto.conf.
1667677944: Error: Unable to open pwfile "/mosquitto/conf/mosquitto.passwd".
1667677944: Error opening password file "/mosquitto/conf/mosquitto.passwd".
1667677945: mosquitto version 2.0.15 starting
1667677945: Config loaded from /mosquitto/config/mosquitto.conf.
1667677945: Error: Unable to open pwfile "/mosquitto/conf/mosquitto.passwd".
1667677945: Error opening password file "/mosquitto/conf/mosquitto.passwd".
1667677946: mosquitto version 2.0.15 starting
1667677946: Config loaded from /mosquitto/config/mosquitto.conf.
1667677946: Error: Unable to open pwfile "/mosquitto/conf/mosquitto.passwd".
1667677946: Error opening password file "/mosquitto/conf/mosquitto.passwd".
1667677947: mosquitto version 2.0.15 starting
1667677947: Config loaded from /mosquitto/config/mosquitto.conf.
1667677947: Error: Unable to open pwfile "/mosquitto/conf/mosquitto.passwd".
1667677947: Error opening password file "/mosquitto/conf/mosquitto.passwd".
1667677950: mosquitto version 2.0.15 starting
1667677950: Config loaded from /mosquitto/config/mosquitto.conf.
1667677950: Error: Unable to open pwfile "/mosquitto/conf/mosquitto.passwd".
1667677950: Error opening password file "/mosquitto/conf/mosquitto.passwd".
1667677953: mosquitto version 2.0.15 starting
1667677953: Config loaded from /mosquitto/config/mosquitto.conf.
1667677953: Error: Unable to open pwfile "/mosquitto/conf/mosquitto.passwd".
1667677953: Error opening password file "/mosquitto/conf/mosquitto.passwd".
1667677960: mosquitto version 2.0.15 starting
1667677960: Config loaded from /mosquitto/config/mosquitto.conf.
1667677960: Error: Unable to open pwfile "/mosquitto/conf/mosquitto.passwd".
1667677960: Error opening password file "/mosquitto/conf/mosquitto.passwd".
1667677991: mosquitto version 2.0.15 starting
1667677991: Config loaded from /mosquitto/config/mosquitto.conf.
1667677991: Error: Unable to open pwfile "/mosquitto/conf/mosquitto.passwd".
1667677991: Error opening password file "/mosquitto/conf/mosquitto.passwd".
1667677992: mosquitto version 2.0.15 starting
1667677992: Config loaded from /mosquitto/config/mosquitto.conf.
1667677992: Error: Unable to open pwfile "/mosquitto/conf/mosquitto.passwd".
1667677992: Error opening password file "/mosquitto/conf/mosquitto.passwd".
1667677992: mosquitto version 2.0.15 starting
1667677992: Config loaded from /mosquitto/config/mosquitto.conf.
1667677992: Error: Unable to open pwfile "/mosquitto/conf/mosquitto.passwd".
1667677992: Error opening password file "/mosquitto/conf/mosquitto.passwd".
1667677993: mosquitto version 2.0.15 starting
1667677993: Config loaded from /mosquitto/config/mosquitto.conf.
1667677993: Error: Unable to open pwfile "/mosquitto/conf/mosquitto.passwd".
1667677993: Error opening password file "/mosquitto/conf/mosquitto.passwd".
1667677995: mosquitto version 2.0.15 starting
1667677995: Config loaded from /mosquitto/config/mosquitto.conf.
1667677995: Error: Unable to open pwfile "/mosquitto/conf/mosquitto.passwd".
1667677995: Error opening password file "/mosquitto/conf/mosquitto.passwd".
1667677997: mosquitto version 2.0.15 starting
1667677997: Config loaded from /mosquitto/config/mosquitto.conf.
1667677997: Error: Unable to open pwfile "/mosquitto/conf/mosquitto.passwd".
1667677997: Error opening password file "/mosquitto/conf/mosquitto.passwd".
1667678001: mosquitto version 2.0.15 starting
1667678001: Config loaded from /mosquitto/config/mosquitto.conf.
1667678001: Error: Unable to open pwfile "/mosquitto/conf/mosquitto.passwd".
1667678001: Error opening password file "/mosquitto/conf/mosquitto.passwd".
1667678008: mosquitto version 2.0.15 starting
1667678008: Config loaded from /mosquitto/config/mosquitto.conf.
1667678008: Error: Unable to open pwfile "/mosquitto/conf/mosquitto.passwd".
1667678008: Error opening password file "/mosquitto/conf/mosquitto.passwd".
1667678021: mosquitto version 2.0.15 starting
1667678021: Config loaded from /mosquitto/config/mosquitto.conf.
1667678021: Error: Unable to open pwfile "/mosquitto/conf/mosquitto.passwd".
1667678021: Error opening password file "/mosquitto/conf/mosquitto.passwd".
1667678047: mosquitto version 2.0.15 starting
1667678047: Config loaded from /mosquitto/config/mosquitto.conf.
1667678047: Error: Unable to open pwfile "/mosquitto/conf/mosquitto.passwd".
1667678047: Error opening password file "/mosquitto/conf/mosquitto.passwd".
1667678099: mosquitto version 2.0.15 starting
1667678099: Config loaded from /mosquitto/config/mosquitto.conf.
1667678099: Error: Unable to open pwfile "/mosquitto/conf/mosquitto.passwd".
1667678099: Error opening password file "/mosquitto/conf/mosquitto.passwd".
1667678516: mosquitto version 2.0.15 starting
1667678516: Config loaded from /mosquitto/config/mosquitto.conf.
1667678516: Error: Unable to open pwfile "/mosquitto/conf/mosquitto.conf".
1667678516: Error opening password file "/mosquitto/conf/mosquitto.conf".
1667678547: mosquitto version 2.0.15 starting
1667678547: Config loaded from /mosquitto/config/mosquitto.conf.
1667678547: Error: Unable to open pwfile "/mosquitto/conf/mosquitto.conf".
1667678547: Error opening password file "/mosquitto/conf/mosquitto.conf".
1667678584: mosquitto version 2.0.15 starting
1667678584: Config loaded from /mosquitto/config/mosquitto.conf.
1667678584: Error: Unable to open pwfile "/mosquitto/conf/mosquitto.conf".
1667678584: Error opening password file "/mosquitto/conf/mosquitto.conf".
1667678643: mosquitto version 2.0.15 starting
1667678643: Config loaded from /mosquitto/config/mosquitto.conf.
1667678643: Error: Unable to open pwfile "/mosquitto/conf/mosquitto.conf".
1667678643: Error opening password file "/mosquitto/conf/mosquitto.conf".
1667678655: mosquitto version 2.0.15 starting
1667678655: Config loaded from /mosquitto/config/mosquitto.conf.
1667678655: Error: Unable to open pwfile "/mosquitto/conf/mosquitto.conf".
1667678655: Error opening password file "/mosquitto/conf/mosquitto.conf".
1667678667: mosquitto version 2.0.15 starting
1667678667: Config loaded from /mosquitto/config/mosquitto.conf.
1667678667: Error: Unable to open pwfile "/mosquitto/conf/mosquitto.conf".
1667678667: Error opening password file "/mosquitto/conf/mosquitto.conf".
1667678677: mosquitto version 2.0.15 starting
1667678677: Config loaded from /mosquitto/config/mosquitto.conf.
1667678677: Error: Unable to open pwfile "/mosquitto/conf/mosquitto.conf".
1667678677: Error opening password file "/mosquitto/conf/mosquitto.conf".
